1     C       0.00538497      2.52788644     -0.00021852      0
2     O       0.00995070      1.97876148     -1.14825117      0
3     Cu      0.00056658     -0.00064725     -1.21697657      0
4     O      -0.00798954     -1.97956238     -1.14846071      0
5     C      -0.00309853     -2.52773847     -0.00019625      0
6     O      -0.00511019     -1.97893865      1.14804077      0
7     Cu     -0.00086989      0.00028297      1.21712742      0
8     O      -1.97971265      0.00114956      1.14926128      0
9     C      -2.52768890      0.00971108      0.00065747      0
10    O      -1.97888369      0.00680627     -1.14717349      0
11    O       0.00292268      1.97983429      1.14809054      0
12    O       1.97858311     -0.00059293      1.14713262      0
13    C       2.52762036     -0.00758365     -0.00048444      0
14    O       1.97977924     -0.00771898     -1.14905749      0
15    X      -0.00000000     -3.26773196     -0.00000000      0
16    X       3.26760874     -0.01170253     -0.00000000      0
17    X       0.00405854      3.26788517     -0.00055963      0
18    X      -3.26765489      0.01680111      0.00041603      0
19    C       4.02760873     -0.01170253     -0.00000025      1
20    C       4.72571190     -0.01170253      1.20698366      1
21    C       6.11207538     -0.01170253      1.20698420      1
22    C       6.81017726     -0.01170253      0.00000025      1
23    C       6.11207643     -0.01170253     -1.20698293      1
24    C       4.72571104     -0.01170253     -1.20698286      1
25    H       6.58671280     -0.01170253     -2.02872869      1
26    H       4.25107508     -0.01170253      2.02872807      1
27    H       4.25107399     -0.01170253     -2.02872809      1
28    H       6.58671295     -0.01170253      2.02872779      1
29    X       7.57017724     -0.01170253     -0.00000000      1
30    X       3.26760874     -0.01170253     -0.00000000      1
31    C       0.00405854      4.02788515     -0.00055988      2
32    C       0.00405854      4.72598832      1.20642402      2
33    C       0.00405854      6.11235181      1.20642457      2
34    C       0.00405854      6.81045368     -0.00055939      2
35    C       0.00405854      6.11235285     -1.20754256      2
36    C       0.00405854      4.72598746     -1.20754249      2
37    H       0.00405854      6.58698923     -2.02928832      2
38    H       0.00405854      4.25135151      2.02816844      2
39    H       0.00405854      4.25135041     -2.02928773      2
40    H       0.00405854      6.58698937      2.02816815      2
41    X       0.00405854      7.57045366     -0.00055963      2
42    X       0.00405854      3.26788517     -0.00055963      2
